From Filippo.Colomo@fi.infn.it Wed Feb 27 12:10:05 2002
Date: Mon, 25 Feb 2002 13:25:25 +0100
From: Filippo.Colomo@fi.infn.it
To: Cappelli Andrea <Andrea.Cappelli@fi.infn.it>
Subject: invito pronko


RICHIESTA SOLDI PER INVITO DI A.G. PRONKO

   1.5  KEuro for inviting A.G.Pronko, researcher at St Petersbourg 
   branch of Steklov Mathematical Institute, for 1 month in Florence.
   Previous collaboration with A.G. Pronko has resulted in:

   Lecture notes: "Introduction to the Bethe Ansatz Solvable Models"
   A.G. IZERGIN, F. COLOMO, A.PRONKO
   Universita` di Firenze

   A  collaboration between researchers  of INFN-Sezione di Firenze 
   and St Petersbourg branch of Steklov Mathematical Institute
   has been active for some years (see several publication
   by F. Colomo, A.G. Izergin et al.)


=================================================================

Dr. Andrey Georgievich Pronko
Saint-Petersburg Department of V.A. Steklov Mathematics Institute
Fontanka 27
191011 Saint Petersburg
Russia

Born 1 August 1969, Leningrad (now St Petersburg), Russia
Home: Sedova str. 31, ap. 14, 193148 St Petersburg, Russia

===================================================================
      List of publications
      of A.G. Pronko

1.
Chiral and conformal anomalies of the quark
path integral with the diquark currents
Teor. Mat. Fiz. 101 (1994) 211-224 [in russian]
(with D.V. Vassilevich and Yu.V. Novozhilov)

2.
Quark path integral with diquark
currents and its anomalies,
Physics Letters B 321 (1994) 425--430
(with Yu. Novozhilov and D. Vassilevich)

3.
Extended chiral transformations including
diquark fields as parameters,
Physics Letters B 343 (1995) 358--362
(with Yu. Novozhilov and D. Vassilevich)

4.
The extended chiral bosonisation and
pion-diquark effective action
Preprint SPbU-IP-96-10, St Petersburg, 1996, pp. 1--9,
hep-ph/9605402

5.
The extended chiral transformations and pion-diquark
effective lagrangian,
Candidate Degree thesis,
Saint Petersburg State University, 1996 [in russian]

6.
Correlators in the one-dimensional two-component Bose and
Fermi gases,
Physics Letters A 236 (1997) 445--454
(with A.G. Izergin)

7.
The density correlators in th one-dimensional Hubbard model,
Zap. Nauchn. Sem. POMI 249 (1997) 7-19 [in russian]
(with N.I. Abarenkova and A.G. Izergin)

8.
Temperature correlators in the two-component one-dimensional gas,
Nuclear Physics B 520 [FS] (1998) 594--632.
(with A.G. Izergin)

9.
Temperature correlators in the one-dimensional Hubbard model
in the strong coupling limit,
Physics Letters A 245 (1998) 537--547.
(wih A.G. Izergin and N.I. Abarenkova)

10.
Time and temperature dependent correlation functions of
the 1D impenetrable electron gas,
Int. J. Mod. Phys. B 12 (1998) 2409--2433.
(with F. Goehmann, A.G. Izergin and V.E. Korepin)

11.
Extended chiral group and scalar diquarks,
In: Quantum theory in honour of Vladimir A.~Fock.
Proceedings of the VIII UNESCO International School of
Physics. Ed.~by Yuri Novozhilov. Published by Institute
of Chemistry of St Petersburg University,
St Petersburg, 1998, pp. 141--158.
(with Yu. Novozhilov, D. Vassilevich and A. Korotkov)

12.
Correlators of the one-dimensional two-component models
in the strong coupling limit
In: Quantum theory in honour of Vladimir A.~Fock.
Proceedings of the VIII UNESCO International School of
Physics. Ed.~by Yuri Novozhilov. Published by Institute
of Chemistry of St Petersburg University,
St Petersburg, 1998, pp. 250--270.
(with N.I. Abarenkova and A.G. Izergin)

13.
The correlators of the spin ladder model in the strong
coulping limit,
Zap. Nauchn. Sem. POMI 251 (1998) 7-21
(with N.I. Abarenkova and A.G. Izergin)

14.
The probabilities of survival and hopping of states in the phase
model on a finite lattice,
Trudy Matem. Inst. V.A. Steklova 226 (1999) 36-48 [in russian]
(with N.M. Bogoliubov, A.G. Izergin and N.A. Kitanine)

15.
Masses of scalar diquarks and their decay constants in
extended chiral theory,
Yad. Fiz. 62 (1999) 1844-1850 [in russian]
(with A.S. Korotkov)

16.
Temperature correlators of the XXZ Heisenberg magnet at
$\Delta=-\infty$,
Zap. Nauchn. Sem. POMI 269 (2000) 43-61 [in russian]
(with N.I. Abarenkova)

17.
The long-distance asymptotic for the correlation function of the
third spin components in the XX0 model with the interaction of four
neighbouring sites,
Zap. Nauchn. Sem. POMI 269 (2000) 207-218 [in russian]
(with A.G. Izergin and M.B. Zvonarev)

18.
Time-dependent temperature correlators of local spins of the
one-dimensional Heisenberg XY chain
Zap. Nauchn. Sem. POMI 269 (2000) 219-261 [in russian]
(with V.S. Kapitonov)

19.
Quantum dynamics of strongly interacting boson systems: atomic beam
splitters and coupled Bose-Einstein condensates,
Phys. Rev. Lett. 86 (2001) 4439-4442
(with N.M. Bogoliubov, A.G. Izergin, N.A. Kitanine and J. Timonen)

20.
The temperature correlator in the strongly anysotropic
XXZ Heisenberg magnet
To be published in Teor. Mat. Fiz. (2002) [in russian]
(with N.A. Abarenkova)
